[11:18:43][INFO] *******************************************************************************************************************************************************************
[11:18:43][INFO] ******************************************************************     Program options found     ******************************************************************
[11:18:43][INFO] *******************************************************************************************************************************************************************
[11:18:43][INFO] ack-channel       = ack                                                                                                   [Type=string]          [provided value] *
[11:18:43][INFO] branch-name       = PixelHits                                                                                             [Type=vector<string>]  [provided value] *
[11:18:43][INFO] class-name        = TClonesArray(PixelHit)                                                                                [Type=vector<string>]  [provided value] *
[11:18:43][INFO] control           = static                                                                                                [Type=string]          [provided value] *
[11:18:43][INFO] deployment        = static                                                                                                [Type=string]          [default value]  *
[11:18:43][INFO] file-name         = /Users/turany/development/FairRoot/build/examples/MQ/9-PixelDetector/macros/MQ.pixel_TGeant3.hits.root  [Type=string]          [provided value] *
[11:18:43][INFO] id                = sink1                                                                                                 [Type=string]          [provided value] *
[11:18:43][INFO] in-channel        = data-in                                                                                               [Type=string]          [default value]  *
[11:18:43][INFO] io-threads        = 1                                                                                                     [Type=int]             [default value]  *
[11:18:43][INFO] log-color         = 0                                                                                                     [Type=bool]            [provided value] *
[11:18:43][INFO] mq-config         = /Users/turany/development/FairRoot/build/examples/MQ/9-PixelDetector/run/options/Pixel9MQConfig_Multipart.json  [Type=string]          [provided value] *
[11:18:43][INFO] network-interface = eth0                                                                                                  [Type=string]          [default value]  *
[11:18:43][INFO] transport         = zeromq                                                                                                [Type=string]          [provided value] *
[11:18:43][INFO] verbose           = DEBUG                                                                                                 [Type=string]          [provided value] *
[11:18:43][INFO] *******************************************************************************************************************************************************************
[11:18:43][DEBUG] mq-config: Using default XML/JSON parser
[11:18:43][DEBUG] Looking for 'sink1' id/key in the provided config file...
[11:18:43][DEBUG] [device] sink1
[11:18:43][DEBUG] 	[channel] data-in
[11:18:43][DEBUG] 		[socket] 1
[11:18:43][DEBUG] 			type        = pull
[11:18:43][DEBUG] 			method      = bind
[11:18:43][DEBUG] 			address     = tcp://*:5572
[11:18:43][DEBUG] 			property    = 
[11:18:43][DEBUG] 			sndBufSize  = 1000
[11:18:43][DEBUG] 			rcvBufSize  = 1000
[11:18:43][DEBUG] 			rateLogging = 1
[11:18:43][DEBUG] Found 1 socket(s) in channel.
[11:18:43][DEBUG] 	[channel] ack
[11:18:43][DEBUG] 		[socket] 1
[11:18:43][DEBUG] 			type        = push
[11:18:43][DEBUG] 			method      = connect
[11:18:43][DEBUG] 			address     = tcp://localhost:5556
[11:18:43][DEBUG] 			property    = 
[11:18:43][DEBUG] 			sndBufSize  = 1000
[11:18:43][DEBUG] 			rcvBufSize  = 1000
[11:18:43][DEBUG] 			rateLogging = 1
[11:18:43][DEBUG] Found 1 socket(s) in channel.
[11:18:43][DEBUG] ---- Found following channel keys: 'ack' 'data-in' 
[11:18:43][STATE] Starting FairMQ state machine
[11:18:43][DEBUG] PID: 54877
[11:18:43][DEBUG] Using ZeroMQ library, version: 4.1.3
[11:18:43][STATE] Entering INITIALIZING DEVICE state
[11:18:43][DEBUG] Validating channel "data-in[0]"... VALID
[11:18:43][DEBUG] Initializing channel data-in[0] (pull)
[11:18:43][DEBUG] Binding channel data-in[0] on tcp://*:5572
[11:18:43][DEBUG] Validating channel "ack[0]"... VALID
[11:18:43][DEBUG] Initializing channel ack[0] (push)
[11:18:43][DEBUG] Connecting channel ack[0] to tcp://localhost:5556
[11:18:44][INFO] SHOULD CREATE THE FILE AND TREE
[11:18:45][INFO] Creating output branch "FairEventHeader" with name "EventHeader."
[11:18:45][INFO] Creating output branch "TClonesArray(PixelHit)" with name "PixelHits"
[11:18:45][STATE] Entering DEVICE READY state
[11:18:45][STATE] Entering INITIALIZING TASK state
[11:18:45][STATE] Entering READY state
[11:18:45][STATE] Entering RUNNING state
[11:18:45][INFO] DEVICE: Running...
[11:18:45][DEBUG] ack[0]: in: nan msg (nan MB), out: nan msg (nan MB)
[11:18:45][DEBUG] data-in[0]: in: inf msg (inf MB), out: nan msg (nan MB)
[11:18:46][DEBUG] ack[0]: in: 0 msg (0 MB), out: 9950.25 msg (0 MB)
[11:18:46][DEBUG] data-in[0]: in: 9949.25 msg (22.6305 MB), out: 0 msg (0 MB)
[11:18:46][INFO] Caught signal 15
[11:18:46][STATE] Received STOP event
[11:18:46][DEBUG] unblocked
[11:18:46][STATE] Entering RESETTING TASK state
[11:18:46][STATE] Entering DEVICE READY state
[11:18:46][STATE] Entering RESETTING DEVICE state
[11:18:46][STATE] Entering IDLE state
[11:18:46][STATE] Received END event
[11:18:46][DEBUG] Closing sockets...
[11:18:46][DEBUG] Closed all sockets!
[11:18:46][INFO] Exiting.
[11:18:47][DEBUG] Device destroyed
[11:18:47][STATE] Exiting FairMQ state machine
