[11:18:43][INFO] ***********************************************************************************************************************************************************
[11:18:43][INFO] **************************************************************     Program options found     **************************************************************
[11:18:43][INFO] ***********************************************************************************************************************************************************
[11:18:43][INFO] control           = static                                                                                                [Type=string]  [provided value] *
[11:18:43][INFO] deployment        = static                                                                                                [Type=string]  [default value]  *
[11:18:43][INFO] id                = processor2                                                                                            [Type=string]  [provided value] *
[11:18:43][INFO] in-channel        = data-in                                                                                               [Type=string]  [default value]  *
[11:18:43][INFO] io-threads        = 1                                                                                                     [Type=int]     [default value]  *
[11:18:43][INFO] log-color         = 0                                                                                                     [Type=bool]    [provided value] *
[11:18:43][INFO] mq-config         = /Users/turany/development/FairRoot/build/examples/MQ/9-PixelDetector/run/options/Pixel9MQConfig_Multipart.json  [Type=string]  [provided value] *
[11:18:43][INFO] network-interface = eth0                                                                                                  [Type=string]  [default value]  *
[11:18:43][INFO] out-channel       = data-out                                                                                              [Type=string]  [default value]  *
[11:18:43][INFO] par-channel       = param                                                                                                 [Type=string]  [default value]  *
[11:18:43][INFO] task-name         = PixelFindHits                                                                                         [Type=string]  [provided value] *
[11:18:43][INFO] transport         = zeromq                                                                                                [Type=string]  [provided value] *
[11:18:43][INFO] verbose           = DEBUG                                                                                                 [Type=string]  [provided value] *
[11:18:43][INFO] ***********************************************************************************************************************************************************
[11:18:43][DEBUG] mq-config: Using default XML/JSON parser
[11:18:43][DEBUG] Looking for 'processor2' id/key in the provided config file...
[11:18:43][DEBUG] [device] processor2
[11:18:43][DEBUG] 	[channel] data-in
[11:18:43][DEBUG] 		[socket] 1
[11:18:43][DEBUG] 			type        = pull
[11:18:43][DEBUG] 			method      = connect
[11:18:43][DEBUG] 			address     = tcp://localhost:5565
[11:18:43][DEBUG] 			property    = 
[11:18:43][DEBUG] 			sndBufSize  = 1000
[11:18:43][DEBUG] 			rcvBufSize  = 1000
[11:18:43][DEBUG] 			rateLogging = 1
[11:18:43][DEBUG] Found 1 socket(s) in channel.
[11:18:43][DEBUG] 	[channel] data-out
[11:18:43][DEBUG] 		[socket] 1
[11:18:43][DEBUG] 			type        = push
[11:18:43][DEBUG] 			method      = connect
[11:18:43][DEBUG] 			address     = tcp://localhost:5572
[11:18:43][DEBUG] 			property    = 
[11:18:43][DEBUG] 			sndBufSize  = 1000
[11:18:43][DEBUG] 			rcvBufSize  = 1000
[11:18:43][DEBUG] 			rateLogging = 1
[11:18:43][DEBUG] Found 1 socket(s) in channel.
[11:18:43][DEBUG] 	[channel] param
[11:18:43][DEBUG] 		[socket] 1
[11:18:43][DEBUG] 			type        = req
[11:18:43][DEBUG] 			method      = connect
[11:18:43][DEBUG] 			address     = tcp://localhost:5005
[11:18:43][DEBUG] 			property    = 
[11:18:43][DEBUG] 			sndBufSize  = 1000
[11:18:43][DEBUG] 			rcvBufSize  = 1000
[11:18:43][DEBUG] 			rateLogging = 0
[11:18:43][DEBUG] Found 1 socket(s) in channel.
[11:18:43][DEBUG] ---- Found following channel keys: 'param' 'data-out' 'data-in' 
[11:18:43][STATE] Starting FairMQ state machine
[11:18:43][DEBUG] PID: 54875
[11:18:43][DEBUG] Using ZeroMQ library, version: 4.1.3
[11:18:43][STATE] Entering INITIALIZING DEVICE state
[11:18:43][DEBUG] Validating channel "data-in[0]"... VALID
[11:18:43][DEBUG] Initializing channel data-in[0] (pull)
[11:18:43][DEBUG] Connecting channel data-in[0] to tcp://localhost:5565
[11:18:43][DEBUG] Validating channel "data-out[0]"... VALID
[11:18:43][DEBUG] Initializing channel data-out[0] (push)
[11:18:43][DEBUG] Connecting channel data-out[0] to tcp://localhost:5572
[11:18:43][DEBUG] Validating channel "param[0]"... VALID
[11:18:43][DEBUG] Initializing channel param[0] (req)
[11:18:43][DEBUG] Connecting channel param[0] to tcp://localhost:5005
[INFO   ] Created PixelFindHits.
[11:18:44][STATE] Entering DEVICE READY state
[11:18:44][STATE] Entering INITIALIZING TASK state
[11:18:44][STATE] Entering READY state
[11:18:44][STATE] Entering RUNNING state
[11:18:44][INFO] DEVICE: Running...
[11:18:44][DEBUG] data-in[0]: in: nan msg (nan MB), out: nan msg (nan MB)
[11:18:44][DEBUG] data-out[0]: in: nan msg (nan MB), out: nan msg (nan MB)
[11:18:45][WARN] Requesting parameter "FairGeoParSet" for Run ID 1471425475 (0x7fbfd0406440)
Info in <TGeoManager::CloseGeometry>: Geometry loaded from file...
Info in <TGeoManager::SetTopVolume>: Top volume is cave. Master volume is cave
Info in <TGeoNavigator::BuildCache>: --- Maximum geometry depth set to 100
Info in <TGeoManager::Voxelize>: Voxelizing...
Info in <TGeoManager::CountLevels>: max level = 1, max placements = 12
Info in <TGeoManager::CloseGeometry>: 13 nodes/ 4 volume UID's in FAIR geometry
Info in <TGeoManager::CloseGeometry>: ----------------modeler ready----------------
[11:18:45][WARN] Received parameterFairGeoParSet from the server (0x7fbfd2674a60)
[11:18:45][WARN] Requesting parameter "PixelDigiParameters" for Run ID 1471425475 (0x7fbfd0406680)
[11:18:45][WARN] Received parameterPixelDigiParameters from the server (0x7fbfd4b053d0)
[INFO   ] ********************************************** PixelFindHits::InitMQ()
[INFO   ] >> fFeCols      = 110
[INFO   ] >> fFeRows      = 116
[INFO   ] >> fMaxFEperCol = 64
[INFO   ] >> fPitchX      = 0.01
[INFO   ] >> fPitchY      = 0.01
[11:18:45][DEBUG] data-in[0]: in: 3302 msg (6.88836 MB), out: 0 msg (0 MB)
[11:18:45][DEBUG] data-out[0]: in: 0 msg (0 MB), out: 3302 msg (3.2498 MB)
[11:18:46][DEBUG] data-in[0]: in: 0 msg (0 MB), out: 0 msg (0 MB)
[11:18:46][DEBUG] data-out[0]: in: 0 msg (0 MB), out: 0 msg (0 MB)
[11:18:46][INFO] Caught signal 15
[11:18:46][STATE] Received STOP event
[11:18:46][DEBUG] unblocked
[11:18:46][INFO] Received 3302 and sent 3302 messages!
[11:18:46][STATE] Entering RESETTING TASK state
[11:18:46][STATE] Entering DEVICE READY state
[11:18:46][STATE] Entering RESETTING DEVICE state
[11:18:46][STATE] Entering IDLE state
[11:18:46][STATE] Received END event
[11:18:46][DEBUG] Closing sockets...
[11:18:46][DEBUG] Closed all sockets!
[11:18:46][INFO] Exiting.
[11:18:46][DEBUG] Device destroyed
[11:18:46][STATE] Exiting FairMQ state machine
