[11:18:43][INFO] *******************************************************************************************************************************************************************
[11:18:43][INFO] ******************************************************************     Program options found     ******************************************************************
[11:18:43][INFO] *******************************************************************************************************************************************************************
[11:18:43][INFO] ack-channel       = ack                                                                                                   [Type=string]          [provided value] *
[11:18:43][INFO] branch-name       = PixelDigis                                                                                            [Type=vector<string>]  [provided value] *
[11:18:43][INFO] control           = static                                                                                                [Type=string]          [provided value] *
[11:18:43][INFO] deployment        = static                                                                                                [Type=string]          [default value]  *
[11:18:43][INFO] file-name         = /Users/turany/development/FairRoot/build/examples/MQ/9-PixelDetector/macros/pixel_TGeant3.digi.root    [Type=vector<string>]  [provided value] *
[11:18:43][INFO] id                = sampler1                                                                                              [Type=string]          [provided value] *
[11:18:43][INFO] io-threads        = 1                                                                                                     [Type=int]             [default value]  *
[11:18:43][INFO] log-color         = 0                                                                                                     [Type=bool]            [provided value] *
[11:18:43][INFO] max-index         = Unknown value                                                                                         [Type=Unknown]         [provided value] *
[11:18:43][INFO] mq-config         = /Users/turany/development/FairRoot/build/examples/MQ/9-PixelDetector/run/options/Pixel9MQConfig_Multipart.json  [Type=string]          [provided value] *
[11:18:43][INFO] network-interface = eth0                                                                                                  [Type=string]          [default value]  *
[11:18:43][INFO] out-channel       = data-out                                                                                              [Type=string]          [default value]  *
[11:18:43][INFO] sampler-type      = FairFileSource                                                                                        [Type=string]          [default value]  *
[11:18:43][INFO] transport         = zeromq                                                                                                [Type=string]          [provided value] *
[11:18:43][INFO] verbose           = DEBUG                                                                                                 [Type=string]          [provided value] *
[11:18:43][INFO] *******************************************************************************************************************************************************************
[11:18:43][DEBUG] mq-config: Using default XML/JSON parser
[11:18:43][DEBUG] Looking for 'sampler1' id/key in the provided config file...
[11:18:43][DEBUG] [device] sampler1
[11:18:43][DEBUG] 	[channel] data-out
[11:18:43][DEBUG] 		[socket] 1
[11:18:43][DEBUG] 			type        = push
[11:18:43][DEBUG] 			method      = bind
[11:18:43][DEBUG] 			address     = tcp://*:5565
[11:18:43][DEBUG] 			property    = 
[11:18:43][DEBUG] 			sndBufSize  = 1000
[11:18:43][DEBUG] 			rcvBufSize  = 1000
[11:18:43][DEBUG] 			rateLogging = 1
[11:18:43][DEBUG] Found 1 socket(s) in channel.
[11:18:43][DEBUG] 	[channel] ack
[11:18:43][DEBUG] 		[socket] 1
[11:18:43][DEBUG] 			type        = pull
[11:18:43][DEBUG] 			method      = bind
[11:18:43][DEBUG] 			address     = tcp://*:5556
[11:18:43][DEBUG] 			property    = 
[11:18:43][DEBUG] 			sndBufSize  = 1000
[11:18:43][DEBUG] 			rcvBufSize  = 1000
[11:18:43][DEBUG] 			rateLogging = 1
[11:18:43][DEBUG] Found 1 socket(s) in channel.
[11:18:43][DEBUG] ---- Found following channel keys: 'ack' 'data-out' 
[11:18:43][INFO] Using source "FairFileSource"
[11:18:43][STATE] Starting FairMQ state machine
[11:18:43][DEBUG] PID: 54873
[11:18:43][DEBUG] Using ZeroMQ library, version: 4.1.3
[11:18:43][STATE] Entering INITIALIZING DEVICE state
[11:18:43][DEBUG] Validating channel "ack[0]"... VALID
[11:18:43][DEBUG] Initializing channel ack[0] (pull)
[11:18:43][DEBUG] Binding channel ack[0] on tcp://*:5556
[11:18:43][DEBUG] Validating channel "data-out[0]"... VALID
[11:18:43][DEBUG] Initializing channel data-out[0] (push)
[11:18:43][DEBUG] Binding channel data-out[0] on tcp://*:5565
[11:18:43][STATE] Entering DEVICE READY state
[11:18:43][STATE] Entering INITIALIZING TASK state
[INFO   ] The input consists out of the following trees and files: 
[INFO   ]  - cbmsim
[INFO   ]     - /Users/turany/development/FairRoot/build/examples/MQ/9-PixelDetector/macros/pixel_TGeant3.digi.root
[11:18:44][INFO] Going to request 2  branches:
[11:18:44][INFO]  requesting branch "PixelDigis"
[11:18:44][INFO] Activated object "0x7fe164eb51f0" with name "PixelDigis" (1), it got name: "PixelDigis"
[11:18:44][INFO]  requesting branch "EventHeader."
[11:18:44][INFO] Activated object "0x7fe164eb5ec0" with name "EventHeader." (1), it got name: ""
[11:18:44][INFO] Input source has 10000 events.
[11:18:44][STATE] Entering READY state
[11:18:44][STATE] Entering RUNNING state
[11:18:44][INFO] DEVICE: Running...
[11:18:44][DEBUG] ack[0]: in: nan msg (nan MB), out: nan msg (nan MB)
[11:18:44][DEBUG] data-out[0]: in: nan msg (nan MB), out: nan msg (nan MB)
[11:18:45][DEBUG] ack[0]: in: 75 msg (0 MB), out: 0 msg (0 MB)
[11:18:45][DEBUG] data-out[0]: in: 0 msg (0 MB), out: 7242 msg (8.03199 MB)
[11:18:46][INFO] Acknowledged 10000 messages.
[11:18:46][INFO] Going out of RUNNING state
[11:18:46][STATE] RUNNING state finished without an external event, going to IDLE
[11:18:46][STATE] Entering RESETTING TASK state
[11:18:46][STATE] Entering DEVICE READY state
[11:18:46][STATE] Entering RESETTING DEVICE state
[11:18:46][STATE] Entering IDLE state
[11:18:46][STATE] Received END event
[11:18:46][DEBUG] Closing sockets...
[11:18:46][DEBUG] Closed all sockets!
[11:18:46][DEBUG] Device destroyed
[11:18:46][STATE] Exiting FairMQ state machine
