[11:18:43][INFO] ***********************************************************************************************************************************************************
[11:18:43][INFO] **************************************************************     Program options found     **************************************************************
[11:18:43][INFO] ***********************************************************************************************************************************************************
[11:18:43][INFO] control           = static                                                                                                [Type=string]  [provided value] *
[11:18:43][INFO] deployment        = static                                                                                                [Type=string]  [default value]  *
[11:18:43][INFO] first-input-name  = /Users/turany/development/FairRoot/build/examples/MQ/9-PixelDetector/macros/pixel_TGeant3.params.root  [Type=string]  [provided value] *
[11:18:43][INFO] first-input-type  = ROOT                                                                                                  [Type=string]  [default value]  *
[11:18:43][INFO] id                = parmq-server                                                                                          [Type=string]  [provided value] *
[11:18:43][INFO] io-threads        = 1                                                                                                     [Type=int]     [default value]  *
[11:18:43][INFO] log-color         = 0                                                                                                     [Type=bool]    [provided value] *
[11:18:43][INFO] mq-config         = /Users/turany/development/FairRoot/build/examples/MQ/9-PixelDetector/run/options/Pixel9MQConfig_Multipart.json  [Type=string]  [provided value] *
[11:18:43][INFO] network-interface = eth0                                                                                                  [Type=string]  [default value]  *
[11:18:43][INFO] output-name       =                                                                                                       [Type=string]  [default value]  *
[11:18:43][INFO] output-type       = ROOT                                                                                                  [Type=string]  [default value]  *
[11:18:43][INFO] second-input-name = /Users/turany/development/FairRoot/build/examples/MQ/9-PixelDetector/param/pixel_digi.par             [Type=string]  [provided value] *
[11:18:43][INFO] second-input-type = ASCII                                                                                                 [Type=string]  [provided value] *
[11:18:43][INFO] transport         = zeromq                                                                                                [Type=string]  [provided value] *
[11:18:43][INFO] verbose           = DEBUG                                                                                                 [Type=string]  [provided value] *
[11:18:43][INFO] ***********************************************************************************************************************************************************
[11:18:43][DEBUG] mq-config: Using default XML/JSON parser
[11:18:43][DEBUG] Looking for 'parmq-server' id/key in the provided config file...
[11:18:43][DEBUG] [device] parmq-server
[11:18:43][DEBUG] 	[channel] data
[11:18:43][DEBUG] 		[socket] 1
[11:18:43][DEBUG] 			type        = rep
[11:18:43][DEBUG] 			method      = bind
[11:18:43][DEBUG] 			address     = tcp://*:5005
[11:18:43][DEBUG] 			property    = 
[11:18:43][DEBUG] 			sndBufSize  = 1000
[11:18:43][DEBUG] 			rcvBufSize  = 1000
[11:18:43][DEBUG] 			rateLogging = 0
[11:18:43][DEBUG] Found 1 socket(s) in channel.
[11:18:43][DEBUG] ---- Found following channel keys: 'data' 
[11:18:44][STATE] Starting FairMQ state machine
[11:18:44][DEBUG] PID: 54872
[11:18:44][DEBUG] Using ZeroMQ library, version: 4.1.3
[11:18:44][STATE] Entering INITIALIZING DEVICE state
[11:18:44][DEBUG] Validating channel "data[0]"... VALID
[11:18:44][DEBUG] Initializing channel data[0] (rep)
[11:18:44][DEBUG] Binding channel data[0] on tcp://*:5005
[11:18:44][STATE] Entering DEVICE READY state
[11:18:44][STATE] Entering INITIALIZING TASK state
[11:18:44][STATE] Entering READY state
[11:18:44][STATE] Entering RUNNING state
[11:18:44][INFO] DEVICE: Running...
[11:18:45][INFO] Received parameter request from client: "FairGeoParSet,1471425475"
[11:18:45][INFO] Parameter name: FairGeoParSet
[11:18:45][INFO] Run ID: 1471425475
[11:18:45][INFO] Retrieving parameter...

************************************************************* 
     initialisation for run id 1471425475
************************************************************* 
-I- FairRunTimeDB::InitContainer() FairGeoParSet
Info in <TGeoManager::CloseGeometry>: Geometry loaded from file...
Info in <TGeoManager::SetTopVolume>: Top volume is cave. Master volume is cave
Info in <TGeoNavigator::BuildCache>: --- Maximum geometry depth set to 100
Info in <TGeoManager::Voxelize>: Voxelizing...
Info in <TGeoManager::CountLevels>: max level = 1, max placements = 12
Info in <TGeoManager::CloseGeometry>: 13 nodes/ 4 volume UID's in FAIR geometry
Info in <TGeoManager::CloseGeometry>: ----------------modeler ready----------------
Container FairGeoParSet initialized from ROOT file.
[11:18:45][INFO] Sending following parameter to the client:
[11:18:45][INFO] Received parameter request from client: "FairGeoParSet,1471425475"
[11:18:45][INFO] Parameter name: FairGeoParSet
[11:18:45][INFO] Run ID: 1471425475
[11:18:45][INFO] Retrieving parameter...
-----  FairGeoParSet  -----
Context/Purpose:       DefaultContext
first input version:   4
second input version:  -1
has changed
is not static

************************************************************* 
     initialisation for run id 1471425475
************************************************************* 
-I- FairRunTimeDB::InitContainer() FairGeoParSet
[11:18:45][INFO] Sending following parameter to the client:
[11:18:45][INFO] Received parameter request from client: "FairGeoParSet,1471425475"
[11:18:45][INFO] Parameter name: FairGeoParSet
[11:18:45][INFO] Run ID: 1471425475
[11:18:45][INFO] Retrieving parameter...
-----  FairGeoParSet  -----
Context/Purpose:       DefaultContext
first input version:   4
second input version:  -1
has changed
is not static

************************************************************* 
     initialisation for run id 1471425475
************************************************************* 
-I- FairRunTimeDB::InitContainer() FairGeoParSet
[11:18:45][INFO] Sending following parameter to the client:
[11:18:45][INFO] Received parameter request from client: "PixelDigiParameters,1471425475"
[11:18:45][INFO] Parameter name: PixelDigiParameters
[11:18:45][INFO] Run ID: 1471425475
[11:18:45][INFO] Retrieving parameter...
-----  FairGeoParSet  -----
Context/Purpose:       DefaultContext
first input version:   4
second input version:  -1
has changed
is not static

************************************************************* 
     initialisation for run id 1471425475
************************************************************* 
-I- FairRunTimeDB::InitContainer() FairGeoParSet
-I- FairRunTimeDB::InitContainer() PixelDigiParameters
[11:18:45][INFO] Sending following parameter to the client:
[11:18:45][INFO] Received parameter request from client: "PixelDigiParameters,1471425475"
[11:18:45][INFO] Parameter name: PixelDigiParameters
[11:18:45][INFO] Run ID: 1471425475
[11:18:45][INFO] Retrieving parameter...
PixelDigiParameters initialized from Ascii file
-----  PixelDigiParameters  -----
Context/Purpose:       TestDefaultContext
first input version:   -1
second input version:  1
has changed
is not static

************************************************************* 
     initialisation for run id 1471425475
************************************************************* 
-I- FairRunTimeDB::InitContainer() FairGeoParSet
-I- FairRunTimeDB::InitContainer() PixelDigiParameters
[11:18:45][INFO] Sending following parameter to the client:
[11:18:45][INFO] Received parameter request from client: "PixelDigiParameters,1471425475"
[11:18:45][INFO] Parameter name: PixelDigiParameters
[11:18:45][INFO] Run ID: 1471425475
[11:18:45][INFO] Retrieving parameter...
PixelDigiParameters initialized from Ascii file
-----  PixelDigiParameters  -----
Context/Purpose:       TestDefaultContext
first input version:   -1
second input version:  1
has changed
is not static

************************************************************* 
     initialisation for run id 1471425475
************************************************************* 
-I- FairRunTimeDB::InitContainer() FairGeoParSet
-I- FairRunTimeDB::InitContainer() PixelDigiParameters
[11:18:45][INFO] Sending following parameter to the client:
[11:18:46][INFO] Caught signal 15
[11:18:46][STATE] Received STOP event
[11:18:46][DEBUG] unblocked
[11:18:46][STATE] Entering RESETTING TASK state
[11:18:46][STATE] Entering DEVICE READY state
[11:18:46][STATE] Entering RESETTING DEVICE state
[11:18:46][STATE] Entering IDLE state
[11:18:46][STATE] Received END event
[11:18:46][DEBUG] Closing sockets...
[11:18:46][DEBUG] Closed all sockets!
[11:18:46][INFO] Exiting.
PixelDigiParameters initialized from Ascii file
-----  PixelDigiParameters  -----
Context/Purpose:       TestDefaultContext
first input version:   -1
second input version:  1
has changed
is not static
